Build started 4/24/2013 11:51:42 PM.
     1>Project "c:\Users\scoad1722\documents\visual studio 2010\Projects\Homework5\Homework5\Homework5.vcxproj" on node 2 (build target(s)).
     1>InitializeBuildStatus:
         Creating "Debug\Homework5.unsuccessfulbuild" because "AlwaysCreate" was specified.
       ClCompile:
         All outputs are up-to-date.
         All outputs are up-to-date.
       ManifestResourceCompile:
         All outputs are up-to-date.
       Link:
         C:\Program Files (x86)\Microsoft Visual Studio 10.0\VC\bin\link.exe /ERRORREPORT:PROMPT /OUT:"c:\users\scoad1722\documents\visual studio 2010\Projects\Homework5\Debug\Homework5.exe" /INCREMENTAL /NOLOGO kernel32.lib user32.lib gdi32.lib winspool.lib comdlg32.lib advapi32.lib shell32.lib ole32.lib oleaut32.lib uuid.lib odbc32.lib odbccp32.lib /MANIFEST /ManifestFile:"Debug\Homework5.exe.intermediate.manifest" /MANIFESTUAC:"level='asInvoker' uiAccess='false'" /DEBUG /PDB:"c:\users\scoad1722\documents\visual studio 2010\Projects\Homework5\Debug\Homework5.pdb" /SUBSYSTEM:CONSOLE /TLBID:1 /DYNAMICBASE /NXCOMPAT /IMPLIB:"c:\users\scoad1722\documents\visual studio 2010\Projects\Homework5\Debug\Homework5.lib" /MACHINE:X86 Debug\Homework5.exe.embed.manifest.res
         Debug\Homework5.obj
         Debug\RationalNumber.obj
         Debug\stdafx.obj
       Manifest:
         C:\Program Files (x86)\Microsoft SDKs\Windows\v7.0A\bin\mt.exe /nologo /verbose /out:"Debug\Homework5.exe.embed.manifest" /manifest Debug\Homework5.exe.intermediate.manifest
         All outputs are up-to-date.
       LinkEmbedManifest:
         All outputs are up-to-date.
         Homework5.vcxproj -> c:\users\scoad1722\documents\visual studio 2010\Projects\Homework5\Debug\Homework5.exe
       FinalizeBuildStatus:
         Deleting file "Debug\Homework5.unsuccessfulbuild".
         Touching "Debug\Homework5.lastbuildstate".
     1>Done Building Project "c:\Users\scoad1722\documents\visual studio 2010\Projects\Homework5\Homework5\Homework5.vcxproj" (build target(s)).

Build succeeded.

Time Elapsed 00:00:00.31
