  Word frequencies counts for file; 
they 2
handle 1
said 6
understand 1
for 2
fish 1
door 2
leaves 1
answered 1
went 4
filled 1
of 1
deed 1
are 6
shelf 1
turn 1
heart 2
once 1
told 3
answer 2
again 2
he 4
not 2
obey 1
ear 1
them 7
then 2
say 1
will 1
myself 1
locked 1
hop 1
try 1
go 1
we 1
getting 1
spring 1
delight 1
clear 1
twice 1
shouted 1
write 1
corkscrew 1
tell 1
me 2
do 2
listen 1
green 1
a 5
carroll 1
back 1
my 2
up 2
i 21
pen 1
sir 1
new 1
kettle 2
days 1
what 3
down 1
advice 1
to 11
but 2
wish 1
took 2
you'll 1
little 3
needn't 1
him 1
long 1
thump 1
must 1
temper 1
sent 3
lewis 1
his 1
would 1
autumn 1
someone 1
when 6
fishes 4
kicked 1
had 1
fields 1
be 1
so 1
bed 1
white 1
pump 1
ink 1
and 16
loud 2
winter 1
i'd 1
better 1
sing 1
stiff 2
perhaps 1
this 2
large 1
song 2
can 1
tried 1
from 1
grin 1
was 5
because 1
fit 1
shut 1
knocked 1
if 1
wake 3
mean 1
plain 1
pulled 1
is 1
with 1
it 5
your 1
at 1
sea 1
you 4
came 1
the 17
in 7
woods 1
message 1
take 1
i'll 1
an 1
pushed 1
summer 1
brown 1
proud 2
shout 1
why 1
found 2
very 3
poem.txt contain 139 distinct word's
 The words that occurred most frequently are: 
i 21
