  Word frequencies counts for file; 
a 5
advice 1
again 2
an 1
and 16
answer 2
answered 1
are 6
at 1
autumn 1
back 1
be 1
because 1
bed 1
better 1
brown 1
but 2
came 1
can 1
carroll 1
clear 1
corkscrew 1
days 1
deed 1
delight 1
do 2
door 2
down 1
ear 1
fields 1
filled 1
fish 1
fishes 4
fit 1
for 2
found 2
from 1
getting 1
go 1
green 1
grin 1
had 1
handle 1
he 4
heart 2
him 1
his 1
hop 1
i 21
i'd 1
i'll 1
if 1
in 7
ink 1
is 1
it 5
kettle 2
kicked 1
knocked 1
large 1
leaves 1
lewis 1
listen 1
little 3
locked 1
long 1
loud 2
me 2
mean 1
message 1
must 1
my 2
myself 1
needn't 1
new 1
not 2
obey 1
of 1
once 1
pen 1
perhaps 1
plain 1
proud 2
pulled 1
pump 1
pushed 1
said 6
say 1
sea 1
sent 3
shelf 1
shout 1
shouted 1
shut 1
sing 1
sir 1
so 1
someone 1
song 2
spring 1
stiff 2
summer 1
take 1
tell 1
temper 1
the 17
them 7
then 2
they 2
this 2
thump 1
to 11
told 3
took 2
tried 1
try 1
turn 1
twice 1
understand 1
up 2
very 3
wake 3
was 5
we 1
went 4
what 3
when 6
white 1
why 1
will 1
winter 1
wish 1
with 1
woods 1
would 1
write 1
you 4
you'll 1
your 1
poem.txt contain 139 distinct word's
 The words that occurred most frequently are: 
i 21
